Analysis & Synthesis report for timer
Sat Dec 18 21:19:03 2021
Quartus Prime Version 20.1.1 Build 720 11/11/2020 Patches 1.02i SJ Lite Edition


---------------------
; Table of Contents ;
---------------------
  1. Legal Notice
  2. Analysis & Synthesis Summary
  3. Analysis & Synthesis Settings
  4. Parallel Compilation
  5. Analysis & Synthesis Source Files Read
  6. Analysis & Synthesis Resource Usage Summary
  7. Analysis & Synthesis Resource Utilization by Entity
  8. Registers Removed During Synthesis
  9. Removed Registers Triggering Further Register Optimizations
 10. General Register Statistics
 11. Inverted Register Statistics
 12. Multiplexer Restructuring Statistics (Restructuring Performed)
 13. Parameter Settings for Inferred Entity Instance: digitPositionDecoder:d2|lpm_divide:Mod0
 14. Parameter Settings for Inferred Entity Instance: digitPositionDecoder:d2|lpm_divide:Div0
 15. Parameter Settings for Inferred Entity Instance: digitPositionDecoder:d2|lpm_divide:Div2
 16. Parameter Settings for Inferred Entity Instance: digitPositionDecoder:d2|lpm_divide:Div1
 17. Parameter Settings for Inferred Entity Instance: digitPositionDecoder:d2|lpm_divide:Mod1
 18. Parameter Settings for Inferred Entity Instance: digitPositionDecoder:d2|lpm_divide:Mod3
 19. Parameter Settings for Inferred Entity Instance: digitPositionDecoder:d2|lpm_divide:Mod2
 20. Post-Synthesis Netlist Statistics for Top Partition
 21. Elapsed Time Per Partition
 22. Analysis & Synthesis Messages



----------------
; Legal Notice ;
----------------
Copyright (C) 2020  Intel Corporation. All rights reserved.
Your use of Intel Corporation's design tools, logic functions 
and other software and tools, and any partner logic 
functions, and any output files from any of the foregoing 
(including device programming or simulation files), and any 
associated documentation or information are expressly subject 
to the terms and conditions of the Intel Program License 
Subscription Agreement, the Intel Quartus Prime License Agreement,
the Intel FPGA IP License Agreement, or other applicable license
agreement, including, without limitation, that your use is for
the sole purpose of programming logic devices manufactured by
Intel and sold by Intel or its authorized distributors.  Please
refer to the applicable agreement for further details, at
https://fpgasoftware.intel.com/eula.



+---------------------------------------------------------------------------------------------+
; Analysis & Synthesis Summary                                                                ;
+---------------------------------+-----------------------------------------------------------+
; Analysis & Synthesis Status     ; Successful - Sat Dec 18 21:19:03 2021                     ;
; Quartus Prime Version           ; 20.1.1 Build 720 11/11/2020 Patches 1.02i SJ Lite Edition ;
; Revision Name                   ; timer                                                     ;
; Top-level Entity Name           ; de0_nano_soc_baseline                                     ;
; Family                          ; Cyclone V                                                 ;
; Logic utilization (in ALMs)     ; N/A                                                       ;
; Total registers                 ; 128                                                       ;
; Total pins                      ; 39                                                        ;
; Total virtual pins              ; 0                                                         ;
; Total block memory bits         ; 0                                                         ;
; Total DSP Blocks                ; 0                                                         ;
; Total HSSI RX PCSs              ; 0                                                         ;
; Total HSSI PMA RX Deserializers ; 0                                                         ;
; Total HSSI TX PCSs              ; 0                                                         ;
; Total HSSI PMA TX Serializers   ; 0                                                         ;
; Total PLLs                      ; 0                                                         ;
; Total DLLs                      ; 0                                                         ;
+---------------------------------+-----------------------------------------------------------+


+------------------------------------------------------------------------------------------------------------------------------+
; Analysis & Synthesis Settings                                                                                                ;
+---------------------------------------------------------------------------------+-----------------------+--------------------+
; Option                                                                          ; Setting               ; Default Value      ;
+---------------------------------------------------------------------------------+-----------------------+--------------------+
; Device                                                                          ; 5CSEMA4U23C6          ;                    ;
; Top-level entity name                                                           ; de0_nano_soc_baseline ; timer              ;
; Family name                                                                     ; Cyclone V             ; Cyclone V          ;
; Use smart compilation                                                           ; Off                   ; Off                ;
; Enable parallel Assembler and Timing Analyzer during compilation                ; On                    ; On                 ;
; Enable compact report table                                                     ; Off                   ; Off                ;
; Restructure Multiplexers                                                        ; Auto                  ; Auto               ;
; MLAB Add Timing Constraints For Mixed-Port Feed-Through Mode Setting Don't Care ; Off                   ; Off                ;
; Create Debugging Nodes for IP Cores                                             ; Off                   ; Off                ;
; Preserve fewer node names                                                       ; On                    ; On                 ;
; Intel FPGA IP Evaluation Mode                                                   ; Enable                ; Enable             ;
; Verilog Version                                                                 ; Verilog_2001          ; Verilog_2001       ;
; VHDL Version                                                                    ; VHDL_1993             ; VHDL_1993          ;
; State Machine Processing                                                        ; Auto                  ; Auto               ;
; Safe State Machine                                                              ; Off                   ; Off                ;
; Extract Verilog State Machines                                                  ; On                    ; On                 ;
; Extract VHDL State Machines                                                     ; On                    ; On                 ;
; Ignore Verilog initial constructs                                               ; Off                   ; Off                ;
; Iteration limit for constant Verilog loops                                      ; 5000                  ; 5000               ;
; Iteration limit for non-constant Verilog loops                                  ; 250                   ; 250                ;
; Add Pass-Through Logic to Inferred RAMs                                         ; On                    ; On                 ;
; Infer RAMs from Raw Logic                                                       ; On                    ; On                 ;
; Parallel Synthesis                                                              ; On                    ; On                 ;
; DSP Block Balancing                                                             ; Auto                  ; Auto               ;
; NOT Gate Push-Back                                                              ; On                    ; On                 ;
; Power-Up Don't Care                                                             ; On                    ; On                 ;
; Remove Redundant Logic Cells                                                    ; Off                   ; Off                ;
; Remove Duplicate Registers                                                      ; On                    ; On                 ;
; Ignore CARRY Buffers                                                            ; Off                   ; Off                ;
; Ignore CASCADE Buffers                                                          ; Off                   ; Off                ;
; Ignore GLOBAL Buffers                                                           ; Off                   ; Off                ;
; Ignore ROW GLOBAL Buffers                                                       ; Off                   ; Off                ;
; Ignore LCELL Buffers                                                            ; Off                   ; Off                ;
; Ignore SOFT Buffers                                                             ; On                    ; On                 ;
; Limit AHDL Integers to 32 Bits                                                  ; Off                   ; Off                ;
; Optimization Technique                                                          ; Balanced              ; Balanced           ;
; Carry Chain Length                                                              ; 70                    ; 70                 ;
; Auto Carry Chains                                                               ; On                    ; On                 ;
; Auto Open-Drain Pins                                                            ; On                    ; On                 ;
; Perform WYSIWYG Primitive Resynthesis                                           ; Off                   ; Off                ;
; Auto ROM Replacement                                                            ; On                    ; On                 ;
; Auto RAM Replacement                                                            ; On                    ; On                 ;
; Auto DSP Block Replacement                                                      ; On                    ; On                 ;
; Auto Shift Register Replacement                                                 ; Auto                  ; Auto               ;
; Allow Shift Register Merging across Hierarchies                                 ; Auto                  ; Auto               ;
; Auto Clock Enable Replacement                                                   ; On                    ; On                 ;
; Strict RAM Replacement                                                          ; Off                   ; Off                ;
; Allow Synchronous Control Signals                                               ; On                    ; On                 ;
; Force Use of Synchronous Clear Signals                                          ; Off                   ; Off                ;
; Auto Resource Sharing                                                           ; Off                   ; Off                ;
; Allow Any RAM Size For Recognition                                              ; Off                   ; Off                ;
; Allow Any ROM Size For Recognition                                              ; Off                   ; Off                ;
; Allow Any Shift Register Size For Recognition                                   ; Off                   ; Off                ;
; Use LogicLock Constraints during Resource Balancing                             ; On                    ; On                 ;
; Ignore translate_off and synthesis_off directives                               ; Off                   ; Off                ;
; Timing-Driven Synthesis                                                         ; On                    ; On                 ;
; Report Parameter Settings                                                       ; On                    ; On                 ;
; Report Source Assignments                                                       ; On                    ; On                 ;
; Report Connectivity Checks                                                      ; On                    ; On                 ;
; Ignore Maximum Fan-Out Assignments                                              ; Off                   ; Off                ;
; Synchronization Register Chain Length                                           ; 3                     ; 3                  ;
; Power Optimization During Synthesis                                             ; Normal compilation    ; Normal compilation ;
; HDL message level                                                               ; Level2                ; Level2             ;
; Suppress Register Optimization Related Messages                                 ; Off                   ; Off                ;
; Number of Removed Registers Reported in Synthesis Report                        ; 5000                  ; 5000               ;
; Number of Swept Nodes Reported in Synthesis Report                              ; 5000                  ; 5000               ;
; Number of Inverted Registers Reported in Synthesis Report                       ; 100                   ; 100                ;
; Clock MUX Protection                                                            ; On                    ; On                 ;
; Auto Gated Clock Conversion                                                     ; Off                   ; Off                ;
; Block Design Naming                                                             ; Auto                  ; Auto               ;
; SDC constraint protection                                                       ; Off                   ; Off                ;
; Synthesis Effort                                                                ; Auto                  ; Auto               ;
; Shift Register Replacement - Allow Asynchronous Clear Signal                    ; On                    ; On                 ;
; Pre-Mapping Resynthesis Optimization                                            ; Off                   ; Off                ;
; Analysis & Synthesis Message Level                                              ; Medium                ; Medium             ;
; Disable Register Merging Across Hierarchies                                     ; Auto                  ; Auto               ;
; Resource Aware Inference For Block RAM                                          ; On                    ; On                 ;
; Automatic Parallel Synthesis                                                    ; On                    ; On                 ;
; Partial Reconfiguration Bitstream ID                                            ; Off                   ; Off                ;
+---------------------------------------------------------------------------------+-----------------------+--------------------+


+------------------------------------------+
; Parallel Compilation                     ;
+----------------------------+-------------+
; Processors                 ; Number      ;
+----------------------------+-------------+
; Number detected on machine ; 4           ;
; Maximum allowed            ; 2           ;
;                            ;             ;
; Average used               ; 1.00        ;
; Maximum used               ; 2           ;
;                            ;             ;
; Usage by Processor         ; % Time Used ;
;     Processor 1            ; 100.0%      ;
;     Processor 2            ;   0.0%      ;
+----------------------------+-------------+


+--------------------------------------------------------------------------------------------------------------------------------------------------------------------------+
; Analysis & Synthesis Source Files Read                                                                                                                                   ;
+----------------------------------+-----------------+------------------------------+----------------------------------------------------------------------------+---------+
; File Name with User-Entered Path ; Used in Netlist ; File Type                    ; File Name with Absolute Path                                               ; Library ;
+----------------------------------+-----------------+------------------------------+----------------------------------------------------------------------------+---------+
; de0_nano_soc_baseline.v          ; yes             ; User Verilog HDL File        ; C:/Users/ninom/OneDrive/Desktop/470L/LAB5/de0_nano_soc_baseline.v          ;         ;
; decoder.v                        ; yes             ; User Verilog HDL File        ; C:/Users/ninom/OneDrive/Desktop/470L/LAB5/decoder.v                        ;         ;
; digitPositionDecoder.v           ; yes             ; User Verilog HDL File        ; C:/Users/ninom/OneDrive/Desktop/470L/LAB5/digitPositionDecoder.v           ;         ;
; lpm_divide.tdf                   ; yes             ; Megafunction                 ; c:/intelfpga_lite/20.1/quartus/libraries/megafunctions/lpm_divide.tdf      ;         ;
; abs_divider.inc                  ; yes             ; Megafunction                 ; c:/intelfpga_lite/20.1/quartus/libraries/megafunctions/abs_divider.inc     ;         ;
; sign_div_unsign.inc              ; yes             ; Megafunction                 ; c:/intelfpga_lite/20.1/quartus/libraries/megafunctions/sign_div_unsign.inc ;         ;
; aglobal201.inc                   ; yes             ; Megafunction                 ; c:/intelfpga_lite/20.1/quartus/libraries/megafunctions/aglobal201.inc      ;         ;
; db/lpm_divide_l3m.tdf            ; yes             ; Auto-Generated Megafunction  ; C:/Users/ninom/OneDrive/Desktop/470L/LAB5/db/lpm_divide_l3m.tdf            ;         ;
; db/sign_div_unsign_olh.tdf       ; yes             ; Auto-Generated Megafunction  ; C:/Users/ninom/OneDrive/Desktop/470L/LAB5/db/sign_div_unsign_olh.tdf       ;         ;
; db/alt_u_div_mve.tdf             ; yes             ; Auto-Generated Megafunction  ; C:/Users/ninom/OneDrive/Desktop/470L/LAB5/db/alt_u_div_mve.tdf             ;         ;
; db/lpm_divide_ibm.tdf            ; yes             ; Auto-Generated Megafunction  ; C:/Users/ninom/OneDrive/Desktop/470L/LAB5/db/lpm_divide_ibm.tdf            ;         ;
; db/sign_div_unsign_plh.tdf       ; yes             ; Auto-Generated Megafunction  ; C:/Users/ninom/OneDrive/Desktop/470L/LAB5/db/sign_div_unsign_plh.tdf       ;         ;
; db/alt_u_div_nve.tdf             ; yes             ; Auto-Generated Megafunction  ; C:/Users/ninom/OneDrive/Desktop/470L/LAB5/db/alt_u_div_nve.tdf             ;         ;
; db/lpm_divide_vcm.tdf            ; yes             ; Auto-Generated Megafunction  ; C:/Users/ninom/OneDrive/Desktop/470L/LAB5/db/lpm_divide_vcm.tdf            ;         ;
; db/sign_div_unsign_5nh.tdf       ; yes             ; Auto-Generated Megafunction  ; C:/Users/ninom/OneDrive/Desktop/470L/LAB5/db/sign_div_unsign_5nh.tdf       ;         ;
; db/alt_u_div_g2f.tdf             ; yes             ; Auto-Generated Megafunction  ; C:/Users/ninom/OneDrive/Desktop/470L/LAB5/db/alt_u_div_g2f.tdf             ;         ;
; db/lpm_divide_lbm.tdf            ; yes             ; Auto-Generated Megafunction  ; C:/Users/ninom/OneDrive/Desktop/470L/LAB5/db/lpm_divide_lbm.tdf            ;         ;
; db/sign_div_unsign_rlh.tdf       ; yes             ; Auto-Generated Megafunction  ; C:/Users/ninom/OneDrive/Desktop/470L/LAB5/db/sign_div_unsign_rlh.tdf       ;         ;
; db/alt_u_div_sve.tdf             ; yes             ; Auto-Generated Megafunction  ; C:/Users/ninom/OneDrive/Desktop/470L/LAB5/db/alt_u_div_sve.tdf             ;         ;
; db/lpm_divide_o3m.tdf            ; yes             ; Auto-Generated Megafunction  ; C:/Users/ninom/OneDrive/Desktop/470L/LAB5/db/lpm_divide_o3m.tdf            ;         ;
; db/sign_div_unsign_slh.tdf       ; yes             ; Auto-Generated Megafunction  ; C:/Users/ninom/OneDrive/Desktop/470L/LAB5/db/sign_div_unsign_slh.tdf       ;         ;
; db/alt_u_div_tve.tdf             ; yes             ; Auto-Generated Megafunction  ; C:/Users/ninom/OneDrive/Desktop/470L/LAB5/db/alt_u_div_tve.tdf             ;         ;
; db/lpm_divide_65m.tdf            ; yes             ; Auto-Generated Megafunction  ; C:/Users/ninom/OneDrive/Desktop/470L/LAB5/db/lpm_divide_65m.tdf            ;         ;
; db/sign_div_unsign_9nh.tdf       ; yes             ; Auto-Generated Megafunction  ; C:/Users/ninom/OneDrive/Desktop/470L/LAB5/db/sign_div_unsign_9nh.tdf       ;         ;
; db/alt_u_div_o2f.tdf             ; yes             ; Auto-Generated Megafunction  ; C:/Users/ninom/OneDrive/Desktop/470L/LAB5/db/alt_u_div_o2f.tdf             ;         ;
; db/lpm_divide_25m.tdf            ; yes             ; Auto-Generated Megafunction  ; C:/Users/ninom/OneDrive/Desktop/470L/LAB5/db/lpm_divide_25m.tdf            ;         ;
; db/sign_div_unsign_6nh.tdf       ; yes             ; Auto-Generated Megafunction  ; C:/Users/ninom/OneDrive/Desktop/470L/LAB5/db/sign_div_unsign_6nh.tdf       ;         ;
; db/alt_u_div_h2f.tdf             ; yes             ; Auto-Generated Megafunction  ; C:/Users/ninom/OneDrive/Desktop/470L/LAB5/db/alt_u_div_h2f.tdf             ;         ;
+----------------------------------+-----------------+------------------------------+----------------------------------------------------------------------------+---------+


+--------------------------------------------------------------+
; Analysis & Synthesis Resource Usage Summary                  ;
+---------------------------------------------+----------------+
; Resource                                    ; Usage          ;
+---------------------------------------------+----------------+
; Estimate of Logic utilization (ALMs needed) ; 601            ;
;                                             ;                ;
; Combinational ALUT usage for logic          ; 1179           ;
;     -- 7 input functions                    ; 0              ;
;     -- 6 input functions                    ; 22             ;
;     -- 5 input functions                    ; 18             ;
;     -- 4 input functions                    ; 191            ;
;     -- <=3 input functions                  ; 948            ;
;                                             ;                ;
; Dedicated logic registers                   ; 128            ;
;                                             ;                ;
; I/O pins                                    ; 39             ;
;                                             ;                ;
; Total DSP Blocks                            ; 0              ;
;                                             ;                ;
; Maximum fan-out node                        ; CLOCK_50~input ;
; Maximum fan-out                             ; 128            ;
; Total fan-out                               ; 3935           ;
; Average fan-out                             ; 2.77           ;
+---------------------------------------------+----------------+


+--------------------------------------------------------------------------------------------------------------------------------------------------------------------------------------------------------------------------------------------------------------------------------------------------------------------------------------------+
; Analysis & Synthesis Resource Utilization by Entity                                                                                                                                                                                                                                                                                        ;
+-------------------------------------------+---------------------+---------------------------+-------------------+------------+------+--------------+------------------------------------------------------------------------------------------------------------------------------------------------+-----------------------+--------------+
; Compilation Hierarchy Node                ; Combinational ALUTs ; Dedicated Logic Registers ; Block Memory Bits ; DSP Blocks ; Pins ; Virtual Pins ; Full Hierarchy Name                                                                                                                            ; Entity Name           ; Library Name ;
+-------------------------------------------+---------------------+---------------------------+-------------------+------------+------+--------------+------------------------------------------------------------------------------------------------------------------------------------------------+-----------------------+--------------+
; |de0_nano_soc_baseline                    ; 1179 (58)           ; 128 (49)                  ; 0                 ; 0          ; 39   ; 0            ; |de0_nano_soc_baseline                                                                                                                         ; de0_nano_soc_baseline ; work         ;
;    |decoder:d1|                           ; 8 (8)               ; 7 (7)                     ; 0                 ; 0          ; 0    ; 0            ; |de0_nano_soc_baseline|decoder:d1                                                                                                              ; decoder               ; work         ;
;    |digitPositionDecoder:d2|              ; 1113 (124)          ; 72 (72)                   ; 0                 ; 0          ; 0    ; 0            ; |de0_nano_soc_baseline|digitPositionDecoder:d2                                                                                                 ; digitPositionDecoder  ; work         ;
;       |lpm_divide:Div0|                   ; 67 (0)              ; 0 (0)                     ; 0                 ; 0          ; 0    ; 0            ; |de0_nano_soc_baseline|digitPositionDecoder:d2|lpm_divide:Div0                                                                                 ; lpm_divide            ; work         ;
;          |lpm_divide_ibm:auto_generated|  ; 67 (0)              ; 0 (0)                     ; 0                 ; 0          ; 0    ; 0            ; |de0_nano_soc_baseline|digitPositionDecoder:d2|lpm_divide:Div0|lpm_divide_ibm:auto_generated                                                   ; lpm_divide_ibm        ; work         ;
;             |sign_div_unsign_plh:divider| ; 67 (0)              ; 0 (0)                     ; 0                 ; 0          ; 0    ; 0            ; |de0_nano_soc_baseline|digitPositionDecoder:d2|lpm_divide:Div0|lpm_divide_ibm:auto_generated|sign_div_unsign_plh:divider                       ; sign_div_unsign_plh   ; work         ;
;                |alt_u_div_nve:divider|    ; 67 (67)             ; 0 (0)                     ; 0                 ; 0          ; 0    ; 0            ; |de0_nano_soc_baseline|digitPositionDecoder:d2|lpm_divide:Div0|lpm_divide_ibm:auto_generated|sign_div_unsign_plh:divider|alt_u_div_nve:divider ; alt_u_div_nve         ; work         ;
;       |lpm_divide:Div1|                   ; 166 (0)             ; 0 (0)                     ; 0                 ; 0          ; 0    ; 0            ; |de0_nano_soc_baseline|digitPositionDecoder:d2|lpm_divide:Div1                                                                                 ; lpm_divide            ; work         ;
;          |lpm_divide_lbm:auto_generated|  ; 166 (0)             ; 0 (0)                     ; 0                 ; 0          ; 0    ; 0            ; |de0_nano_soc_baseline|digitPositionDecoder:d2|lpm_divide:Div1|lpm_divide_lbm:auto_generated                                                   ; lpm_divide_lbm        ; work         ;
;             |sign_div_unsign_rlh:divider| ; 166 (0)             ; 0 (0)                     ; 0                 ; 0          ; 0    ; 0            ; |de0_nano_soc_baseline|digitPositionDecoder:d2|lpm_divide:Div1|lpm_divide_lbm:auto_generated|sign_div_unsign_rlh:divider                       ; sign_div_unsign_rlh   ; work         ;
;                |alt_u_div_sve:divider|    ; 166 (166)           ; 0 (0)                     ; 0                 ; 0          ; 0    ; 0            ; |de0_nano_soc_baseline|digitPositionDecoder:d2|lpm_divide:Div1|lpm_divide_lbm:auto_generated|sign_div_unsign_rlh:divider|alt_u_div_sve:divider ; alt_u_div_sve         ; work         ;
;       |lpm_divide:Div2|                   ; 332 (0)             ; 0 (0)                     ; 0                 ; 0          ; 0    ; 0            ; |de0_nano_soc_baseline|digitPositionDecoder:d2|lpm_divide:Div2                                                                                 ; lpm_divide            ; work         ;
;          |lpm_divide_vcm:auto_generated|  ; 332 (0)             ; 0 (0)                     ; 0                 ; 0          ; 0    ; 0            ; |de0_nano_soc_baseline|digitPositionDecoder:d2|lpm_divide:Div2|lpm_divide_vcm:auto_generated                                                   ; lpm_divide_vcm        ; work         ;
;             |sign_div_unsign_5nh:divider| ; 332 (0)             ; 0 (0)                     ; 0                 ; 0          ; 0    ; 0            ; |de0_nano_soc_baseline|digitPositionDecoder:d2|lpm_divide:Div2|lpm_divide_vcm:auto_generated|sign_div_unsign_5nh:divider                       ; sign_div_unsign_5nh   ; work         ;
;                |alt_u_div_g2f:divider|    ; 332 (332)           ; 0 (0)                     ; 0                 ; 0          ; 0    ; 0            ; |de0_nano_soc_baseline|digitPositionDecoder:d2|lpm_divide:Div2|lpm_divide_vcm:auto_generated|sign_div_unsign_5nh:divider|alt_u_div_g2f:divider ; alt_u_div_g2f         ; work         ;
;       |lpm_divide:Mod0|                   ; 120 (0)             ; 0 (0)                     ; 0                 ; 0          ; 0    ; 0            ; |de0_nano_soc_baseline|digitPositionDecoder:d2|lpm_divide:Mod0                                                                                 ; lpm_divide            ; work         ;
;          |lpm_divide_l3m:auto_generated|  ; 120 (0)             ; 0 (0)                     ; 0                 ; 0          ; 0    ; 0            ; |de0_nano_soc_baseline|digitPositionDecoder:d2|lpm_divide:Mod0|lpm_divide_l3m:auto_generated                                                   ; lpm_divide_l3m        ; work         ;
;             |sign_div_unsign_olh:divider| ; 120 (0)             ; 0 (0)                     ; 0                 ; 0          ; 0    ; 0            ; |de0_nano_soc_baseline|digitPositionDecoder:d2|lpm_divide:Mod0|lpm_divide_l3m:auto_generated|sign_div_unsign_olh:divider                       ; sign_div_unsign_olh   ; work         ;
;                |alt_u_div_mve:divider|    ; 120 (120)           ; 0 (0)                     ; 0                 ; 0          ; 0    ; 0            ; |de0_nano_soc_baseline|digitPositionDecoder:d2|lpm_divide:Mod0|lpm_divide_l3m:auto_generated|sign_div_unsign_olh:divider|alt_u_div_mve:divider ; alt_u_div_mve         ; work         ;
;       |lpm_divide:Mod1|                   ; 149 (0)             ; 0 (0)                     ; 0                 ; 0          ; 0    ; 0            ; |de0_nano_soc_baseline|digitPositionDecoder:d2|lpm_divide:Mod1                                                                                 ; lpm_divide            ; work         ;
;          |lpm_divide_o3m:auto_generated|  ; 149 (0)             ; 0 (0)                     ; 0                 ; 0          ; 0    ; 0            ; |de0_nano_soc_baseline|digitPositionDecoder:d2|lpm_divide:Mod1|lpm_divide_o3m:auto_generated                                                   ; lpm_divide_o3m        ; work         ;
;             |sign_div_unsign_slh:divider| ; 149 (0)             ; 0 (0)                     ; 0                 ; 0          ; 0    ; 0            ; |de0_nano_soc_baseline|digitPositionDecoder:d2|lpm_divide:Mod1|lpm_divide_o3m:auto_generated|sign_div_unsign_slh:divider                       ; sign_div_unsign_slh   ; work         ;
;                |alt_u_div_tve:divider|    ; 149 (149)           ; 0 (0)                     ; 0                 ; 0          ; 0    ; 0            ; |de0_nano_soc_baseline|digitPositionDecoder:d2|lpm_divide:Mod1|lpm_divide_o3m:auto_generated|sign_div_unsign_slh:divider|alt_u_div_tve:divider ; alt_u_div_tve         ; work         ;
;       |lpm_divide:Mod2|                   ; 130 (0)             ; 0 (0)                     ; 0                 ; 0          ; 0    ; 0            ; |de0_nano_soc_baseline|digitPositionDecoder:d2|lpm_divide:Mod2                                                                                 ; lpm_divide            ; work         ;
;          |lpm_divide_25m:auto_generated|  ; 130 (0)             ; 0 (0)                     ; 0                 ; 0          ; 0    ; 0            ; |de0_nano_soc_baseline|digitPositionDecoder:d2|lpm_divide:Mod2|lpm_divide_25m:auto_generated                                                   ; lpm_divide_25m        ; work         ;
;             |sign_div_unsign_6nh:divider| ; 130 (0)             ; 0 (0)                     ; 0                 ; 0          ; 0    ; 0            ; |de0_nano_soc_baseline|digitPositionDecoder:d2|lpm_divide:Mod2|lpm_divide_25m:auto_generated|sign_div_unsign_6nh:divider                       ; sign_div_unsign_6nh   ; work         ;
;                |alt_u_div_h2f:divider|    ; 130 (130)           ; 0 (0)                     ; 0                 ; 0          ; 0    ; 0            ; |de0_nano_soc_baseline|digitPositionDecoder:d2|lpm_divide:Mod2|lpm_divide_25m:auto_generated|sign_div_unsign_6nh:divider|alt_u_div_h2f:divider ; alt_u_div_h2f         ; work         ;
;       |lpm_divide:Mod3|                   ; 25 (0)              ; 0 (0)                     ; 0                 ; 0          ; 0    ; 0            ; |de0_nano_soc_baseline|digitPositionDecoder:d2|lpm_divide:Mod3                                                                                 ; lpm_divide            ; work         ;
;          |lpm_divide_65m:auto_generated|  ; 25 (0)              ; 0 (0)                     ; 0                 ; 0          ; 0    ; 0            ; |de0_nano_soc_baseline|digitPositionDecoder:d2|lpm_divide:Mod3|lpm_divide_65m:auto_generated                                                   ; lpm_divide_65m        ; work         ;
;             |sign_div_unsign_9nh:divider| ; 25 (0)              ; 0 (0)                     ; 0                 ; 0          ; 0    ; 0            ; |de0_nano_soc_baseline|digitPositionDecoder:d2|lpm_divide:Mod3|lpm_divide_65m:auto_generated|sign_div_unsign_9nh:divider                       ; sign_div_unsign_9nh   ; work         ;
;                |alt_u_div_o2f:divider|    ; 25 (25)             ; 0 (0)                     ; 0                 ; 0          ; 0    ; 0            ; |de0_nano_soc_baseline|digitPositionDecoder:d2|lpm_divide:Mod3|lpm_divide_65m:auto_generated|sign_div_unsign_9nh:divider|alt_u_div_o2f:divider ; alt_u_div_o2f         ; work         ;
+-------------------------------------------+---------------------+---------------------------+-------------------+------------+------+--------------+------------------------------------------------------------------------------------------------------------------------------------------------+-----------------------+--------------+
Note: For table entries with two numbers listed, the numbers in parentheses indicate the number of resources of the given type used by the specific entity alone. The numbers listed outside of parentheses indicate the total resources of the given type used by the specific entity and all of its sub-entities in the hierarchy.


+-------------------------------------------------------------+
; Registers Removed During Synthesis                          ;
+----------------------------------------+--------------------+
; Register name                          ; Reason for Removal ;
+----------------------------------------+--------------------+
; counter[14..31]                        ; Lost fanout        ;
; Total Number of Removed Registers = 18 ;                    ;
+----------------------------------------+--------------------+


+---------------------------------------------------------------------------------------------------------------------------------+
; Removed Registers Triggering Further Register Optimizations                                                                     ;
+---------------+--------------------+--------------------------------------------------------------------------------------------+
; Register name ; Reason for Removal ; Registers Removed due to This Register                                                     ;
+---------------+--------------------+--------------------------------------------------------------------------------------------+
; counter[31]   ; Lost Fanouts       ; counter[30], counter[29], counter[28], counter[27], counter[26], counter[25], counter[24], ;
;               ;                    ; counter[23], counter[22], counter[21], counter[20], counter[19], counter[18], counter[17], ;
;               ;                    ; counter[16], counter[15], counter[14]                                                      ;
+---------------+--------------------+--------------------------------------------------------------------------------------------+


+------------------------------------------------------+
; General Register Statistics                          ;
+----------------------------------------------+-------+
; Statistic                                    ; Value ;
+----------------------------------------------+-------+
; Total registers                              ; 128   ;
; Number of registers using Synchronous Clear  ; 110   ;
; Number of registers using Synchronous Load   ; 0     ;
; Number of registers using Asynchronous Clear ; 0     ;
; Number of registers using Asynchronous Load  ; 0     ;
; Number of registers using Clock Enable       ; 61    ;
; Number of registers using Preset             ; 0     ;
+----------------------------------------------+-------+


+--------------------------------------------------+
; Inverted Register Statistics                     ;
+----------------------------------------+---------+
; Inverted Register                      ; Fan out ;
+----------------------------------------+---------+
; prevKey[1]                             ; 1       ;
; prevKey[0]                             ; 3       ;
; Total number of inverted registers = 2 ;         ;
+----------------------------------------+---------+


+---------------------------------------------------------------------------------------------------------------------------------------------------------------------------------+
; Multiplexer Restructuring Statistics (Restructuring Performed)                                                                                                                  ;
+--------------------+-----------+---------------+----------------------+------------------------+------------+-------------------------------------------------------------------+
; Multiplexer Inputs ; Bus Width ; Baseline Area ; Area if Restructured ; Saving if Restructured ; Registered ; Example Multiplexer Output                                        ;
+--------------------+-----------+---------------+----------------------+------------------------+------------+-------------------------------------------------------------------+
; 3:1                ; 32 bits   ; 64 LEs        ; 0 LEs                ; 64 LEs                 ; Yes        ; |de0_nano_soc_baseline|counter[24]                                ;
; 5:1                ; 4 bits    ; 12 LEs        ; 8 LEs                ; 4 LEs                  ; Yes        ; |de0_nano_soc_baseline|digitPositionDecoder:d2|digitAtPosition[0] ;
; 18:1               ; 7 bits    ; 84 LEs        ; 49 LEs               ; 35 LEs                 ; Yes        ; |de0_nano_soc_baseline|decoder:d1|outsegment[0]                   ;
+--------------------+-----------+---------------+----------------------+------------------------+------------+-------------------------------------------------------------------+


+------------------------------------------------------------------------------------------+
; Parameter Settings for Inferred Entity Instance: digitPositionDecoder:d2|lpm_divide:Mod0 ;
+------------------------+----------------+------------------------------------------------+
; Parameter Name         ; Value          ; Type                                           ;
+------------------------+----------------+------------------------------------------------+
; LPM_WIDTHN             ; 14             ; Untyped                                        ;
; LPM_WIDTHD             ; 4              ; Untyped                                        ;
; LPM_NREPRESENTATION    ; UNSIGNED       ; Untyped                                        ;
; LPM_DREPRESENTATION    ; UNSIGNED       ; Untyped                                        ;
; LPM_PIPELINE           ; 0              ; Untyped                                        ;
; LPM_REMAINDERPOSITIVE  ; TRUE           ; Untyped                                        ;
; MAXIMIZE_SPEED         ; 5              ; Untyped                                        ;
; CBXI_PARAMETER         ; lpm_divide_l3m ; Untyped                                        ;
; CARRY_CHAIN            ; MANUAL         ; Untyped                                        ;
; OPTIMIZE_FOR_SPEED     ; 5              ; Untyped                                        ;
; AUTO_CARRY_CHAINS      ; ON             ; AUTO_CARRY                                     ;
; IGNORE_CARRY_BUFFERS   ; OFF            ; IGNORE_CARRY                                   ;
; AUTO_CASCADE_CHAINS    ; ON             ; AUTO_CASCADE                                   ;
; IGNORE_CASCADE_BUFFERS ; OFF            ; IGNORE_CASCADE                                 ;
+------------------------+----------------+------------------------------------------------+
Note: In order to hide this table in the UI and the text report file, please set the "Show Parameter Settings in Synthesis Report" option in "Analysis and Synthesis Settings -> More Settings" to "Off".


+------------------------------------------------------------------------------------------+
; Parameter Settings for Inferred Entity Instance: digitPositionDecoder:d2|lpm_divide:Div0 ;
+------------------------+----------------+------------------------------------------------+
; Parameter Name         ; Value          ; Type                                           ;
+------------------------+----------------+------------------------------------------------+
; LPM_WIDTHN             ; 32             ; Untyped                                        ;
; LPM_WIDTHD             ; 4              ; Untyped                                        ;
; LPM_NREPRESENTATION    ; UNSIGNED       ; Untyped                                        ;
; LPM_DREPRESENTATION    ; UNSIGNED       ; Untyped                                        ;
; LPM_PIPELINE           ; 0              ; Untyped                                        ;
; LPM_REMAINDERPOSITIVE  ; TRUE           ; Untyped                                        ;
; MAXIMIZE_SPEED         ; 5              ; Untyped                                        ;
; CBXI_PARAMETER         ; lpm_divide_ibm ; Untyped                                        ;
; CARRY_CHAIN            ; MANUAL         ; Untyped                                        ;
; OPTIMIZE_FOR_SPEED     ; 5              ; Untyped                                        ;
; AUTO_CARRY_CHAINS      ; ON             ; AUTO_CARRY                                     ;
; IGNORE_CARRY_BUFFERS   ; OFF            ; IGNORE_CARRY                                   ;
; AUTO_CASCADE_CHAINS    ; ON             ; AUTO_CASCADE                                   ;
; IGNORE_CASCADE_BUFFERS ; OFF            ; IGNORE_CASCADE                                 ;
+------------------------+----------------+------------------------------------------------+
Note: In order to hide this table in the UI and the text report file, please set the "Show Parameter Settings in Synthesis Report" option in "Analysis and Synthesis Settings -> More Settings" to "Off".


+------------------------------------------------------------------------------------------+
; Parameter Settings for Inferred Entity Instance: digitPositionDecoder:d2|lpm_divide:Div2 ;
+------------------------+----------------+------------------------------------------------+
; Parameter Name         ; Value          ; Type                                           ;
+------------------------+----------------+------------------------------------------------+
; LPM_WIDTHN             ; 32             ; Untyped                                        ;
; LPM_WIDTHD             ; 10             ; Untyped                                        ;
; LPM_NREPRESENTATION    ; UNSIGNED       ; Untyped                                        ;
; LPM_DREPRESENTATION    ; UNSIGNED       ; Untyped                                        ;
; LPM_PIPELINE           ; 0              ; Untyped                                        ;
; LPM_REMAINDERPOSITIVE  ; TRUE           ; Untyped                                        ;
; MAXIMIZE_SPEED         ; 5              ; Untyped                                        ;
; CBXI_PARAMETER         ; lpm_divide_vcm ; Untyped                                        ;
; CARRY_CHAIN            ; MANUAL         ; Untyped                                        ;
; OPTIMIZE_FOR_SPEED     ; 5              ; Untyped                                        ;
; AUTO_CARRY_CHAINS      ; ON             ; AUTO_CARRY                                     ;
; IGNORE_CARRY_BUFFERS   ; OFF            ; IGNORE_CARRY                                   ;
; AUTO_CASCADE_CHAINS    ; ON             ; AUTO_CASCADE                                   ;
; IGNORE_CASCADE_BUFFERS ; OFF            ; IGNORE_CASCADE                                 ;
+------------------------+----------------+------------------------------------------------+
Note: In order to hide this table in the UI and the text report file, please set the "Show Parameter Settings in Synthesis Report" option in "Analysis and Synthesis Settings -> More Settings" to "Off".


+------------------------------------------------------------------------------------------+
; Parameter Settings for Inferred Entity Instance: digitPositionDecoder:d2|lpm_divide:Div1 ;
+------------------------+----------------+------------------------------------------------+
; Parameter Name         ; Value          ; Type                                           ;
+------------------------+----------------+------------------------------------------------+
; LPM_WIDTHN             ; 32             ; Untyped                                        ;
; LPM_WIDTHD             ; 7              ; Untyped                                        ;
; LPM_NREPRESENTATION    ; UNSIGNED       ; Untyped                                        ;
; LPM_DREPRESENTATION    ; UNSIGNED       ; Untyped                                        ;
; LPM_PIPELINE           ; 0              ; Untyped                                        ;
; LPM_REMAINDERPOSITIVE  ; TRUE           ; Untyped                                        ;
; MAXIMIZE_SPEED         ; 5              ; Untyped                                        ;
; CBXI_PARAMETER         ; lpm_divide_lbm ; Untyped                                        ;
; CARRY_CHAIN            ; MANUAL         ; Untyped                                        ;
; OPTIMIZE_FOR_SPEED     ; 5              ; Untyped                                        ;
; AUTO_CARRY_CHAINS      ; ON             ; AUTO_CARRY                                     ;
; IGNORE_CARRY_BUFFERS   ; OFF            ; IGNORE_CARRY                                   ;
; AUTO_CASCADE_CHAINS    ; ON             ; AUTO_CASCADE                                   ;
; IGNORE_CASCADE_BUFFERS ; OFF            ; IGNORE_CASCADE                                 ;
+------------------------+----------------+------------------------------------------------+
Note: In order to hide this table in the UI and the text report file, please set the "Show Parameter Settings in Synthesis Report" option in "Analysis and Synthesis Settings -> More Settings" to "Off".


+------------------------------------------------------------------------------------------+
; Parameter Settings for Inferred Entity Instance: digitPositionDecoder:d2|lpm_divide:Mod1 ;
+------------------------+----------------+------------------------------------------------+
; Parameter Name         ; Value          ; Type                                           ;
+------------------------+----------------+------------------------------------------------+
; LPM_WIDTHN             ; 14             ; Untyped                                        ;
; LPM_WIDTHD             ; 7              ; Untyped                                        ;
; LPM_NREPRESENTATION    ; UNSIGNED       ; Untyped                                        ;
; LPM_DREPRESENTATION    ; UNSIGNED       ; Untyped                                        ;
; LPM_PIPELINE           ; 0              ; Untyped                                        ;
; LPM_REMAINDERPOSITIVE  ; TRUE           ; Untyped                                        ;
; MAXIMIZE_SPEED         ; 5              ; Untyped                                        ;
; CBXI_PARAMETER         ; lpm_divide_o3m ; Untyped                                        ;
; CARRY_CHAIN            ; MANUAL         ; Untyped                                        ;
; OPTIMIZE_FOR_SPEED     ; 5              ; Untyped                                        ;
; AUTO_CARRY_CHAINS      ; ON             ; AUTO_CARRY                                     ;
; IGNORE_CARRY_BUFFERS   ; OFF            ; IGNORE_CARRY                                   ;
; AUTO_CASCADE_CHAINS    ; ON             ; AUTO_CASCADE                                   ;
; IGNORE_CASCADE_BUFFERS ; OFF            ; IGNORE_CASCADE                                 ;
+------------------------+----------------+------------------------------------------------+
Note: In order to hide this table in the UI and the text report file, please set the "Show Parameter Settings in Synthesis Report" option in "Analysis and Synthesis Settings -> More Settings" to "Off".


+------------------------------------------------------------------------------------------+
; Parameter Settings for Inferred Entity Instance: digitPositionDecoder:d2|lpm_divide:Mod3 ;
+------------------------+----------------+------------------------------------------------+
; Parameter Name         ; Value          ; Type                                           ;
+------------------------+----------------+------------------------------------------------+
; LPM_WIDTHN             ; 14             ; Untyped                                        ;
; LPM_WIDTHD             ; 14             ; Untyped                                        ;
; LPM_NREPRESENTATION    ; UNSIGNED       ; Untyped                                        ;
; LPM_DREPRESENTATION    ; UNSIGNED       ; Untyped                                        ;
; LPM_PIPELINE           ; 0              ; Untyped                                        ;
; LPM_REMAINDERPOSITIVE  ; TRUE           ; Untyped                                        ;
; MAXIMIZE_SPEED         ; 5              ; Untyped                                        ;
; CBXI_PARAMETER         ; lpm_divide_65m ; Untyped                                        ;
; CARRY_CHAIN            ; MANUAL         ; Untyped                                        ;
; OPTIMIZE_FOR_SPEED     ; 5              ; Untyped                                        ;
; AUTO_CARRY_CHAINS      ; ON             ; AUTO_CARRY                                     ;
; IGNORE_CARRY_BUFFERS   ; OFF            ; IGNORE_CARRY                                   ;
; AUTO_CASCADE_CHAINS    ; ON             ; AUTO_CASCADE                                   ;
; IGNORE_CASCADE_BUFFERS ; OFF            ; IGNORE_CASCADE                                 ;
+------------------------+----------------+------------------------------------------------+
Note: In order to hide this table in the UI and the text report file, please set the "Show Parameter Settings in Synthesis Report" option in "Analysis and Synthesis Settings -> More Settings" to "Off".


+------------------------------------------------------------------------------------------+
; Parameter Settings for Inferred Entity Instance: digitPositionDecoder:d2|lpm_divide:Mod2 ;
+------------------------+----------------+------------------------------------------------+
; Parameter Name         ; Value          ; Type                                           ;
+------------------------+----------------+------------------------------------------------+
; LPM_WIDTHN             ; 14             ; Untyped                                        ;
; LPM_WIDTHD             ; 10             ; Untyped                                        ;
; LPM_NREPRESENTATION    ; UNSIGNED       ; Untyped                                        ;
; LPM_DREPRESENTATION    ; UNSIGNED       ; Untyped                                        ;
; LPM_PIPELINE           ; 0              ; Untyped                                        ;
; LPM_REMAINDERPOSITIVE  ; TRUE           ; Untyped                                        ;
; MAXIMIZE_SPEED         ; 5              ; Untyped                                        ;
; CBXI_PARAMETER         ; lpm_divide_25m ; Untyped                                        ;
; CARRY_CHAIN            ; MANUAL         ; Untyped                                        ;
; OPTIMIZE_FOR_SPEED     ; 5              ; Untyped                                        ;
; AUTO_CARRY_CHAINS      ; ON             ; AUTO_CARRY                                     ;
; IGNORE_CARRY_BUFFERS   ; OFF            ; IGNORE_CARRY                                   ;
; AUTO_CASCADE_CHAINS    ; ON             ; AUTO_CASCADE                                   ;
; IGNORE_CASCADE_BUFFERS ; OFF            ; IGNORE_CASCADE                                 ;
+------------------------+----------------+------------------------------------------------+
Note: In order to hide this table in the UI and the text report file, please set the "Show Parameter Settings in Synthesis Report" option in "Analysis and Synthesis Settings -> More Settings" to "Off".


+-----------------------------------------------------+
; Post-Synthesis Netlist Statistics for Top Partition ;
+-----------------------+-----------------------------+
; Type                  ; Count                       ;
+-----------------------+-----------------------------+
; arriav_ff             ; 128                         ;
;     ENA               ; 15                          ;
;     ENA SCLR          ; 46                          ;
;     SCLR              ; 64                          ;
;     plain             ; 3                           ;
; arriav_io_obuf        ; 36                          ;
; arriav_lcell_comb     ; 1179                        ;
;     arith             ; 603                         ;
;         0 data inputs ; 98                          ;
;         1 data inputs ; 158                         ;
;         2 data inputs ; 24                          ;
;         3 data inputs ; 205                         ;
;         4 data inputs ; 118                         ;
;     normal            ; 479                         ;
;         1 data inputs ; 2                           ;
;         2 data inputs ; 244                         ;
;         3 data inputs ; 134                         ;
;         4 data inputs ; 59                          ;
;         5 data inputs ; 18                          ;
;         6 data inputs ; 22                          ;
;     shared            ; 97                          ;
;         0 data inputs ; 20                          ;
;         1 data inputs ; 46                          ;
;         2 data inputs ; 11                          ;
;         3 data inputs ; 6                           ;
;         4 data inputs ; 14                          ;
; boundary_port         ; 39                          ;
;                       ;                             ;
; Max LUT depth         ; 44.00                       ;
; Average LUT depth     ; 29.36                       ;
+-----------------------+-----------------------------+


+-------------------------------+
; Elapsed Time Per Partition    ;
+----------------+--------------+
; Partition Name ; Elapsed Time ;
+----------------+--------------+
; Top            ; 00:00:03     ;
+----------------+--------------+


+-------------------------------+
; Analysis & Synthesis Messages ;
+-------------------------------+
Info: *******************************************************************
Info: Running Quartus Prime Analysis & Synthesis
    Info: Version 20.1.1 Build 720 11/11/2020 Patches 1.02i SJ Lite Edition
    Info: Processing started: Sat Dec 18 21:18:39 2021
Info: Command: quartus_map --read_settings_files=on --write_settings_files=off timer -c timer
Warning (18236): Number of processors has not been specified which may cause overloading on shared machines.  Set the global assignment NUM_PARALLEL_PROCESSORS in your QSF to an appropriate value for best performance.
Info (20030): Parallel compilation is enabled and will use 2 of the 2 processors detected
Info (12021): Found 1 design units, including 1 entities, in source file de0_nano_soc_baseline.v
    Info (12023): Found entity 1: de0_nano_soc_baseline File: C:/Users/ninom/OneDrive/Desktop/470L/LAB5/de0_nano_soc_baseline.v Line: 1
Info (12021): Found 1 design units, including 1 entities, in source file tb.v
    Info (12023): Found entity 1: tb File: C:/Users/ninom/OneDrive/Desktop/470L/LAB5/tb.v Line: 1
Info (12021): Found 1 design units, including 1 entities, in source file decoder.v
    Info (12023): Found entity 1: decoder File: C:/Users/ninom/OneDrive/Desktop/470L/LAB5/decoder.v Line: 1
Info (12021): Found 1 design units, including 1 entities, in source file digitpositiondecoder.v
    Info (12023): Found entity 1: digitPositionDecoder File: C:/Users/ninom/OneDrive/Desktop/470L/LAB5/digitPositionDecoder.v Line: 1
Info (12127): Elaborating entity "de0_nano_soc_baseline" for the top level hierarchy
Info (12128): Elaborating entity "digitPositionDecoder" for hierarchy "digitPositionDecoder:d2" File: C:/Users/ninom/OneDrive/Desktop/470L/LAB5/de0_nano_soc_baseline.v Line: 19
Warning (10230): Verilog HDL assignment warning at digitPositionDecoder.v(20): truncated value with size 32 to match size of target (4) File: C:/Users/ninom/OneDrive/Desktop/470L/LAB5/digitPositionDecoder.v Line: 20
Warning (10230): Verilog HDL assignment warning at digitPositionDecoder.v(25): truncated value with size 32 to match size of target (4) File: C:/Users/ninom/OneDrive/Desktop/470L/LAB5/digitPositionDecoder.v Line: 25
Warning (10230): Verilog HDL assignment warning at digitPositionDecoder.v(30): truncated value with size 32 to match size of target (4) File: C:/Users/ninom/OneDrive/Desktop/470L/LAB5/digitPositionDecoder.v Line: 30
Warning (10230): Verilog HDL assignment warning at digitPositionDecoder.v(35): truncated value with size 32 to match size of target (4) File: C:/Users/ninom/OneDrive/Desktop/470L/LAB5/digitPositionDecoder.v Line: 35
Warning (10762): Verilog HDL Case Statement warning at digitPositionDecoder.v(17): can't check case statement for completeness because the case expression has too many possible states File: C:/Users/ninom/OneDrive/Desktop/470L/LAB5/digitPositionDecoder.v Line: 17
Info (12128): Elaborating entity "decoder" for hierarchy "decoder:d1" File: C:/Users/ninom/OneDrive/Desktop/470L/LAB5/de0_nano_soc_baseline.v Line: 20
Info (278001): Inferred 7 megafunctions from design logic
    Info (278004): Inferred divider/modulo megafunction ("lpm_divide") from the following logic: "digitPositionDecoder:d2|Mod0" File: C:/Users/ninom/OneDrive/Desktop/470L/LAB5/digitPositionDecoder.v Line: 20
    Info (278004): Inferred divider/modulo megafunction ("lpm_divide") from the following logic: "digitPositionDecoder:d2|Div0" File: C:/Users/ninom/OneDrive/Desktop/470L/LAB5/digitPositionDecoder.v Line: 25
    Info (278004): Inferred divider/modulo megafunction ("lpm_divide") from the following logic: "digitPositionDecoder:d2|Div2" File: C:/Users/ninom/OneDrive/Desktop/470L/LAB5/digitPositionDecoder.v Line: 35
    Info (278004): Inferred divider/modulo megafunction ("lpm_divide") from the following logic: "digitPositionDecoder:d2|Div1" File: C:/Users/ninom/OneDrive/Desktop/470L/LAB5/digitPositionDecoder.v Line: 30
    Info (278004): Inferred divider/modulo megafunction ("lpm_divide") from the following logic: "digitPositionDecoder:d2|Mod1" File: C:/Users/ninom/OneDrive/Desktop/470L/LAB5/digitPositionDecoder.v Line: 25
    Info (278004): Inferred divider/modulo megafunction ("lpm_divide") from the following logic: "digitPositionDecoder:d2|Mod3" File: C:/Users/ninom/OneDrive/Desktop/470L/LAB5/digitPositionDecoder.v Line: 35
    Info (278004): Inferred divider/modulo megafunction ("lpm_divide") from the following logic: "digitPositionDecoder:d2|Mod2" File: C:/Users/ninom/OneDrive/Desktop/470L/LAB5/digitPositionDecoder.v Line: 30
Info (12130): Elaborated megafunction instantiation "digitPositionDecoder:d2|lpm_divide:Mod0" File: C:/Users/ninom/OneDrive/Desktop/470L/LAB5/digitPositionDecoder.v Line: 20
Info (12133): Instantiated megafunction "digitPositionDecoder:d2|lpm_divide:Mod0" with the following parameter: File: C:/Users/ninom/OneDrive/Desktop/470L/LAB5/digitPositionDecoder.v Line: 20
    Info (12134): Parameter "LPM_WIDTHN" = "14"
    Info (12134): Parameter "LPM_WIDTHD" = "4"
    Info (12134): Parameter "LPM_NREPRESENTATION" = "UNSIGNED"
    Info (12134): Parameter "LPM_DREPRESENTATION" = "UNSIGNED"
Info (12021): Found 1 design units, including 1 entities, in source file db/lpm_divide_l3m.tdf
    Info (12023): Found entity 1: lpm_divide_l3m File: C:/Users/ninom/OneDrive/Desktop/470L/LAB5/db/lpm_divide_l3m.tdf Line: 25
Info (12021): Found 1 design units, including 1 entities, in source file db/sign_div_unsign_olh.tdf
    Info (12023): Found entity 1: sign_div_unsign_olh File: C:/Users/ninom/OneDrive/Desktop/470L/LAB5/db/sign_div_unsign_olh.tdf Line: 25
Info (12021): Found 1 design units, including 1 entities, in source file db/alt_u_div_mve.tdf
    Info (12023): Found entity 1: alt_u_div_mve File: C:/Users/ninom/OneDrive/Desktop/470L/LAB5/db/alt_u_div_mve.tdf Line: 23
Info (12130): Elaborated megafunction instantiation "digitPositionDecoder:d2|lpm_divide:Div0" File: C:/Users/ninom/OneDrive/Desktop/470L/LAB5/digitPositionDecoder.v Line: 25
Info (12133): Instantiated megafunction "digitPositionDecoder:d2|lpm_divide:Div0" with the following parameter: File: C:/Users/ninom/OneDrive/Desktop/470L/LAB5/digitPositionDecoder.v Line: 25
    Info (12134): Parameter "LPM_WIDTHN" = "32"
    Info (12134): Parameter "LPM_WIDTHD" = "4"
    Info (12134): Parameter "LPM_NREPRESENTATION" = "UNSIGNED"
    Info (12134): Parameter "LPM_DREPRESENTATION" = "UNSIGNED"
Info (12021): Found 1 design units, including 1 entities, in source file db/lpm_divide_ibm.tdf
    Info (12023): Found entity 1: lpm_divide_ibm File: C:/Users/ninom/OneDrive/Desktop/470L/LAB5/db/lpm_divide_ibm.tdf Line: 25
Info (12021): Found 1 design units, including 1 entities, in source file db/sign_div_unsign_plh.tdf
    Info (12023): Found entity 1: sign_div_unsign_plh File: C:/Users/ninom/OneDrive/Desktop/470L/LAB5/db/sign_div_unsign_plh.tdf Line: 25
Info (12021): Found 1 design units, including 1 entities, in source file db/alt_u_div_nve.tdf
    Info (12023): Found entity 1: alt_u_div_nve File: C:/Users/ninom/OneDrive/Desktop/470L/LAB5/db/alt_u_div_nve.tdf Line: 23
Info (12130): Elaborated megafunction instantiation "digitPositionDecoder:d2|lpm_divide:Div2" File: C:/Users/ninom/OneDrive/Desktop/470L/LAB5/digitPositionDecoder.v Line: 35
Info (12133): Instantiated megafunction "digitPositionDecoder:d2|lpm_divide:Div2" with the following parameter: File: C:/Users/ninom/OneDrive/Desktop/470L/LAB5/digitPositionDecoder.v Line: 35
    Info (12134): Parameter "LPM_WIDTHN" = "32"
    Info (12134): Parameter "LPM_WIDTHD" = "10"
    Info (12134): Parameter "LPM_NREPRESENTATION" = "UNSIGNED"
    Info (12134): Parameter "LPM_DREPRESENTATION" = "UNSIGNED"
Info (12021): Found 1 design units, including 1 entities, in source file db/lpm_divide_vcm.tdf
    Info (12023): Found entity 1: lpm_divide_vcm File: C:/Users/ninom/OneDrive/Desktop/470L/LAB5/db/lpm_divide_vcm.tdf Line: 25
Info (12021): Found 1 design units, including 1 entities, in source file db/sign_div_unsign_5nh.tdf
    Info (12023): Found entity 1: sign_div_unsign_5nh File: C:/Users/ninom/OneDrive/Desktop/470L/LAB5/db/sign_div_unsign_5nh.tdf Line: 25
Info (12021): Found 1 design units, including 1 entities, in source file db/alt_u_div_g2f.tdf
    Info (12023): Found entity 1: alt_u_div_g2f File: C:/Users/ninom/OneDrive/Desktop/470L/LAB5/db/alt_u_div_g2f.tdf Line: 23
Info (12130): Elaborated megafunction instantiation "digitPositionDecoder:d2|lpm_divide:Div1" File: C:/Users/ninom/OneDrive/Desktop/470L/LAB5/digitPositionDecoder.v Line: 30
Info (12133): Instantiated megafunction "digitPositionDecoder:d2|lpm_divide:Div1" with the following parameter: File: C:/Users/ninom/OneDrive/Desktop/470L/LAB5/digitPositionDecoder.v Line: 30
    Info (12134): Parameter "LPM_WIDTHN" = "32"
    Info (12134): Parameter "LPM_WIDTHD" = "7"
    Info (12134): Parameter "LPM_NREPRESENTATION" = "UNSIGNED"
    Info (12134): Parameter "LPM_DREPRESENTATION" = "UNSIGNED"
Info (12021): Found 1 design units, including 1 entities, in source file db/lpm_divide_lbm.tdf
    Info (12023): Found entity 1: lpm_divide_lbm File: C:/Users/ninom/OneDrive/Desktop/470L/LAB5/db/lpm_divide_lbm.tdf Line: 25
Info (12021): Found 1 design units, including 1 entities, in source file db/sign_div_unsign_rlh.tdf
    Info (12023): Found entity 1: sign_div_unsign_rlh File: C:/Users/ninom/OneDrive/Desktop/470L/LAB5/db/sign_div_unsign_rlh.tdf Line: 25
Info (12021): Found 1 design units, including 1 entities, in source file db/alt_u_div_sve.tdf
    Info (12023): Found entity 1: alt_u_div_sve File: C:/Users/ninom/OneDrive/Desktop/470L/LAB5/db/alt_u_div_sve.tdf Line: 23
Info (12130): Elaborated megafunction instantiation "digitPositionDecoder:d2|lpm_divide:Mod1" File: C:/Users/ninom/OneDrive/Desktop/470L/LAB5/digitPositionDecoder.v Line: 25
Info (12133): Instantiated megafunction "digitPositionDecoder:d2|lpm_divide:Mod1" with the following parameter: File: C:/Users/ninom/OneDrive/Desktop/470L/LAB5/digitPositionDecoder.v Line: 25
    Info (12134): Parameter "LPM_WIDTHN" = "14"
    Info (12134): Parameter "LPM_WIDTHD" = "7"
    Info (12134): Parameter "LPM_NREPRESENTATION" = "UNSIGNED"
    Info (12134): Parameter "LPM_DREPRESENTATION" = "UNSIGNED"
Info (12021): Found 1 design units, including 1 entities, in source file db/lpm_divide_o3m.tdf
    Info (12023): Found entity 1: lpm_divide_o3m File: C:/Users/ninom/OneDrive/Desktop/470L/LAB5/db/lpm_divide_o3m.tdf Line: 25
Info (12021): Found 1 design units, including 1 entities, in source file db/sign_div_unsign_slh.tdf
    Info (12023): Found entity 1: sign_div_unsign_slh File: C:/Users/ninom/OneDrive/Desktop/470L/LAB5/db/sign_div_unsign_slh.tdf Line: 25
Info (12021): Found 1 design units, including 1 entities, in source file db/alt_u_div_tve.tdf
    Info (12023): Found entity 1: alt_u_div_tve File: C:/Users/ninom/OneDrive/Desktop/470L/LAB5/db/alt_u_div_tve.tdf Line: 23
Info (12130): Elaborated megafunction instantiation "digitPositionDecoder:d2|lpm_divide:Mod3" File: C:/Users/ninom/OneDrive/Desktop/470L/LAB5/digitPositionDecoder.v Line: 35
Info (12133): Instantiated megafunction "digitPositionDecoder:d2|lpm_divide:Mod3" with the following parameter: File: C:/Users/ninom/OneDrive/Desktop/470L/LAB5/digitPositionDecoder.v Line: 35
    Info (12134): Parameter "LPM_WIDTHN" = "14"
    Info (12134): Parameter "LPM_WIDTHD" = "14"
    Info (12134): Parameter "LPM_NREPRESENTATION" = "UNSIGNED"
    Info (12134): Parameter "LPM_DREPRESENTATION" = "UNSIGNED"
Info (12021): Found 1 design units, including 1 entities, in source file db/lpm_divide_65m.tdf
    Info (12023): Found entity 1: lpm_divide_65m File: C:/Users/ninom/OneDrive/Desktop/470L/LAB5/db/lpm_divide_65m.tdf Line: 25
Info (12021): Found 1 design units, including 1 entities, in source file db/sign_div_unsign_9nh.tdf
    Info (12023): Found entity 1: sign_div_unsign_9nh File: C:/Users/ninom/OneDrive/Desktop/470L/LAB5/db/sign_div_unsign_9nh.tdf Line: 25
Info (12021): Found 1 design units, including 1 entities, in source file db/alt_u_div_o2f.tdf
    Info (12023): Found entity 1: alt_u_div_o2f File: C:/Users/ninom/OneDrive/Desktop/470L/LAB5/db/alt_u_div_o2f.tdf Line: 23
Info (12130): Elaborated megafunction instantiation "digitPositionDecoder:d2|lpm_divide:Mod2" File: C:/Users/ninom/OneDrive/Desktop/470L/LAB5/digitPositionDecoder.v Line: 30
Info (12133): Instantiated megafunction "digitPositionDecoder:d2|lpm_divide:Mod2" with the following parameter: File: C:/Users/ninom/OneDrive/Desktop/470L/LAB5/digitPositionDecoder.v Line: 30
    Info (12134): Parameter "LPM_WIDTHN" = "14"
    Info (12134): Parameter "LPM_WIDTHD" = "10"
    Info (12134): Parameter "LPM_NREPRESENTATION" = "UNSIGNED"
    Info (12134): Parameter "LPM_DREPRESENTATION" = "UNSIGNED"
Info (12021): Found 1 design units, including 1 entities, in source file db/lpm_divide_25m.tdf
    Info (12023): Found entity 1: lpm_divide_25m File: C:/Users/ninom/OneDrive/Desktop/470L/LAB5/db/lpm_divide_25m.tdf Line: 25
Info (12021): Found 1 design units, including 1 entities, in source file db/sign_div_unsign_6nh.tdf
    Info (12023): Found entity 1: sign_div_unsign_6nh File: C:/Users/ninom/OneDrive/Desktop/470L/LAB5/db/sign_div_unsign_6nh.tdf Line: 25
Info (12021): Found 1 design units, including 1 entities, in source file db/alt_u_div_h2f.tdf
    Info (12023): Found entity 1: alt_u_div_h2f File: C:/Users/ninom/OneDrive/Desktop/470L/LAB5/db/alt_u_div_h2f.tdf Line: 23
Warning (13034): The following nodes have both tri-state and non-tri-state drivers
    Warning (13035): Inserted always-enabled tri-state buffer between "GPIO_1[0]" and its non-tri-state driver. File: C:/Users/ninom/OneDrive/Desktop/470L/LAB5/de0_nano_soc_baseline.v Line: 5
    Warning (13035): Inserted always-enabled tri-state buffer between "GPIO_1[1]" and its non-tri-state driver. File: C:/Users/ninom/OneDrive/Desktop/470L/LAB5/de0_nano_soc_baseline.v Line: 5
    Warning (13035): Inserted always-enabled tri-state buffer between "GPIO_1[2]" and its non-tri-state driver. File: C:/Users/ninom/OneDrive/Desktop/470L/LAB5/de0_nano_soc_baseline.v Line: 5
    Warning (13035): Inserted always-enabled tri-state buffer between "GPIO_1[3]" and its non-tri-state driver. File: C:/Users/ninom/OneDrive/Desktop/470L/LAB5/de0_nano_soc_baseline.v Line: 5
    Warning (13035): Inserted always-enabled tri-state buffer between "GPIO_1[4]" and its non-tri-state driver. File: C:/Users/ninom/OneDrive/Desktop/470L/LAB5/de0_nano_soc_baseline.v Line: 5
    Warning (13035): Inserted always-enabled tri-state buffer between "GPIO_1[5]" and its non-tri-state driver. File: C:/Users/ninom/OneDrive/Desktop/470L/LAB5/de0_nano_soc_baseline.v Line: 5
    Warning (13035): Inserted always-enabled tri-state buffer between "GPIO_1[6]" and its non-tri-state driver. File: C:/Users/ninom/OneDrive/Desktop/470L/LAB5/de0_nano_soc_baseline.v Line: 5
    Warning (13035): Inserted always-enabled tri-state buffer between "GPIO_1[32]" and its non-tri-state driver. File: C:/Users/ninom/OneDrive/Desktop/470L/LAB5/de0_nano_soc_baseline.v Line: 5
    Warning (13035): Inserted always-enabled tri-state buffer between "GPIO_1[33]" and its non-tri-state driver. File: C:/Users/ninom/OneDrive/Desktop/470L/LAB5/de0_nano_soc_baseline.v Line: 5
    Warning (13035): Inserted always-enabled tri-state buffer between "GPIO_1[34]" and its non-tri-state driver. File: C:/Users/ninom/OneDrive/Desktop/470L/LAB5/de0_nano_soc_baseline.v Line: 5
    Warning (13035): Inserted always-enabled tri-state buffer between "GPIO_1[35]" and its non-tri-state driver. File: C:/Users/ninom/OneDrive/Desktop/470L/LAB5/de0_nano_soc_baseline.v Line: 5
Warning (13039): The following bidirectional pins have no drivers
    Warning (13040): bidirectional pin "GPIO_1[7]" has no driver File: C:/Users/ninom/OneDrive/Desktop/470L/LAB5/de0_nano_soc_baseline.v Line: 5
    Warning (13040): bidirectional pin "GPIO_1[8]" has no driver File: C:/Users/ninom/OneDrive/Desktop/470L/LAB5/de0_nano_soc_baseline.v Line: 5
    Warning (13040): bidirectional pin "GPIO_1[9]" has no driver File: C:/Users/ninom/OneDrive/Desktop/470L/LAB5/de0_nano_soc_baseline.v Line: 5
    Warning (13040): bidirectional pin "GPIO_1[10]" has no driver File: C:/Users/ninom/OneDrive/Desktop/470L/LAB5/de0_nano_soc_baseline.v Line: 5
    Warning (13040): bidirectional pin "GPIO_1[11]" has no driver File: C:/Users/ninom/OneDrive/Desktop/470L/LAB5/de0_nano_soc_baseline.v Line: 5
    Warning (13040): bidirectional pin "GPIO_1[12]" has no driver File: C:/Users/ninom/OneDrive/Desktop/470L/LAB5/de0_nano_soc_baseline.v Line: 5
    Warning (13040): bidirectional pin "GPIO_1[13]" has no driver File: C:/Users/ninom/OneDrive/Desktop/470L/LAB5/de0_nano_soc_baseline.v Line: 5
    Warning (13040): bidirectional pin "GPIO_1[14]" has no driver File: C:/Users/ninom/OneDrive/Desktop/470L/LAB5/de0_nano_soc_baseline.v Line: 5
    Warning (13040): bidirectional pin "GPIO_1[15]" has no driver File: C:/Users/ninom/OneDrive/Desktop/470L/LAB5/de0_nano_soc_baseline.v Line: 5
    Warning (13040): bidirectional pin "GPIO_1[16]" has no driver File: C:/Users/ninom/OneDrive/Desktop/470L/LAB5/de0_nano_soc_baseline.v Line: 5
    Warning (13040): bidirectional pin "GPIO_1[17]" has no driver File: C:/Users/ninom/OneDrive/Desktop/470L/LAB5/de0_nano_soc_baseline.v Line: 5
    Warning (13040): bidirectional pin "GPIO_1[18]" has no driver File: C:/Users/ninom/OneDrive/Desktop/470L/LAB5/de0_nano_soc_baseline.v Line: 5
    Warning (13040): bidirectional pin "GPIO_1[19]" has no driver File: C:/Users/ninom/OneDrive/Desktop/470L/LAB5/de0_nano_soc_baseline.v Line: 5
    Warning (13040): bidirectional pin "GPIO_1[20]" has no driver File: C:/Users/ninom/OneDrive/Desktop/470L/LAB5/de0_nano_soc_baseline.v Line: 5
    Warning (13040): bidirectional pin "GPIO_1[21]" has no driver File: C:/Users/ninom/OneDrive/Desktop/470L/LAB5/de0_nano_soc_baseline.v Line: 5
    Warning (13040): bidirectional pin "GPIO_1[22]" has no driver File: C:/Users/ninom/OneDrive/Desktop/470L/LAB5/de0_nano_soc_baseline.v Line: 5
    Warning (13040): bidirectional pin "GPIO_1[23]" has no driver File: C:/Users/ninom/OneDrive/Desktop/470L/LAB5/de0_nano_soc_baseline.v Line: 5
    Warning (13040): bidirectional pin "GPIO_1[24]" has no driver File: C:/Users/ninom/OneDrive/Desktop/470L/LAB5/de0_nano_soc_baseline.v Line: 5
    Warning (13040): bidirectional pin "GPIO_1[25]" has no driver File: C:/Users/ninom/OneDrive/Desktop/470L/LAB5/de0_nano_soc_baseline.v Line: 5
    Warning (13040): bidirectional pin "GPIO_1[26]" has no driver File: C:/Users/ninom/OneDrive/Desktop/470L/LAB5/de0_nano_soc_baseline.v Line: 5
    Warning (13040): bidirectional pin "GPIO_1[27]" has no driver File: C:/Users/ninom/OneDrive/Desktop/470L/LAB5/de0_nano_soc_baseline.v Line: 5
    Warning (13040): bidirectional pin "GPIO_1[28]" has no driver File: C:/Users/ninom/OneDrive/Desktop/470L/LAB5/de0_nano_soc_baseline.v Line: 5
    Warning (13040): bidirectional pin "GPIO_1[29]" has no driver File: C:/Users/ninom/OneDrive/Desktop/470L/LAB5/de0_nano_soc_baseline.v Line: 5
    Warning (13040): bidirectional pin "GPIO_1[30]" has no driver File: C:/Users/ninom/OneDrive/Desktop/470L/LAB5/de0_nano_soc_baseline.v Line: 5
    Warning (13040): bidirectional pin "GPIO_1[31]" has no driver File: C:/Users/ninom/OneDrive/Desktop/470L/LAB5/de0_nano_soc_baseline.v Line: 5
Warning (13009): TRI or OPNDRN buffers permanently enabled
    Warning (13010): Node "GPIO_1[0]~synth" File: C:/Users/ninom/OneDrive/Desktop/470L/LAB5/de0_nano_soc_baseline.v Line: 5
    Warning (13010): Node "GPIO_1[1]~synth" File: C:/Users/ninom/OneDrive/Desktop/470L/LAB5/de0_nano_soc_baseline.v Line: 5
    Warning (13010): Node "GPIO_1[2]~synth" File: C:/Users/ninom/OneDrive/Desktop/470L/LAB5/de0_nano_soc_baseline.v Line: 5
    Warning (13010): Node "GPIO_1[3]~synth" File: C:/Users/ninom/OneDrive/Desktop/470L/LAB5/de0_nano_soc_baseline.v Line: 5
    Warning (13010): Node "GPIO_1[4]~synth" File: C:/Users/ninom/OneDrive/Desktop/470L/LAB5/de0_nano_soc_baseline.v Line: 5
    Warning (13010): Node "GPIO_1[5]~synth" File: C:/Users/ninom/OneDrive/Desktop/470L/LAB5/de0_nano_soc_baseline.v Line: 5
    Warning (13010): Node "GPIO_1[6]~synth" File: C:/Users/ninom/OneDrive/Desktop/470L/LAB5/de0_nano_soc_baseline.v Line: 5
    Warning (13010): Node "GPIO_1[32]~synth" File: C:/Users/ninom/OneDrive/Desktop/470L/LAB5/de0_nano_soc_baseline.v Line: 5
    Warning (13010): Node "GPIO_1[33]~synth" File: C:/Users/ninom/OneDrive/Desktop/470L/LAB5/de0_nano_soc_baseline.v Line: 5
    Warning (13010): Node "GPIO_1[34]~synth" File: C:/Users/ninom/OneDrive/Desktop/470L/LAB5/de0_nano_soc_baseline.v Line: 5
    Warning (13010): Node "GPIO_1[35]~synth" File: C:/Users/ninom/OneDrive/Desktop/470L/LAB5/de0_nano_soc_baseline.v Line: 5
Info (286030): Timing-Driven Synthesis is running
Info (17049): 18 registers lost all their fanouts during netlist optimizations.
Info (16010): Generating hard_block partition "hard_block:auto_generated_inst"
    Info (16011): Adding 0 node(s), including 0 DDIO, 0 PLL, 0 transceiver and 0 LCELL
Info (21057): Implemented 1218 device resources after synthesis - the final resource count might be different
    Info (21058): Implemented 3 input pins
    Info (21059): Implemented 0 output pins
    Info (21060): Implemented 36 bidirectional pins
    Info (21061): Implemented 1179 logic cells
Info: Quartus Prime Analysis & Synthesis was successful. 0 errors, 56 warnings
    Info: Peak virtual memory: 4844 megabytes
    Info: Processing ended: Sat Dec 18 21:19:03 2021
    Info: Elapsed time: 00:00:24
    Info: Total CPU time (on all processors): 00:00:49


